Build started 5/17/2013 9:49:33 AM.
     1>Project "C:\Users\rschneid\Projects\Pilgrim\Pilgrim\Pilgrim.vcxproj" on node 2 (build target(s)).
     1>PrepareForBuild:
         Creating directory "C:\Users\rschneid\Projects\Pilgrim\Debug\".
       InitializeBuildStatus:
         Creating "Debug\Pilgrim.unsuccessfulbuild" because "AlwaysCreate" was specified.
       ClCompile:
         c:\Program Files (x86)\Microsoft Visual Studio 10.0\VC\bin\CL.exe /c /ZI /nologo /W3 /WX- /Od /Oy- /D _MBCS /Gm /EHsc /RTC1 /MDd /GS /fp:precise /Zc:wchar_t /Zc:forScope /Fo"Debug\\" /Fd"Debug\vc100.pdb" /Gd /TP /analyze- /errorReport:prompt board.cpp main.cpp think.cpp
         think.cpp
     1>c:\users\rschneid\projects\pilgrim\pilgrim\think.cpp(38): warning C4244: 'return' : conversion from 'double' to 'float', possible loss of data
     1>c:\users\rschneid\projects\pilgrim\pilgrim\think.cpp(153): warning C4244: '=' : conversion from 'int' to 'float', possible loss of data
     1>c:\users\rschneid\projects\pilgrim\pilgrim\think.cpp(186): warning C4244: 'initializing' : conversion from 'time_t' to 'int', possible loss of data
     1>c:\users\rschneid\projects\pilgrim\pilgrim\think.cpp(224): warning C4244: 'initializing' : conversion from 'time_t' to 'int', possible loss of data
         main.cpp
     1>c:\users\rschneid\projects\pilgrim\pilgrim\main.cpp(15): warning C4996: 'setbuf': This function or variable may be unsafe. Consider using setvbuf instead. To disable deprecation, use _CRT_SECURE_NO_WARNINGS. See online help for details.
                 c:\program files (x86)\microsoft visual studio 10.0\vc\include\stdio.h(313) : see declaration of 'setbuf'
     1>c:\users\rschneid\projects\pilgrim\pilgrim\main.cpp(18): warning C4244: 'argument' : conversion from 'time_t' to 'unsigned int', possible loss of data
     1>c:\users\rschneid\projects\pilgrim\pilgrim\main.cpp(48): warning C4996: 'strtok': This function or variable may be unsafe. Consider using strtok_s instead. To disable deprecation, use _CRT_SECURE_NO_WARNINGS. See online help for details.
                 c:\program files (x86)\microsoft visual studio 10.0\vc\include\string.h(197) : see declaration of 'strtok'
     1>c:\users\rschneid\projects\pilgrim\pilgrim\main.cpp(49): warning C4996: 'strtok': This function or variable may be unsafe. Consider using strtok_s instead. To disable deprecation, use _CRT_SECURE_NO_WARNINGS. See online help for details.
                 c:\program files (x86)\microsoft visual studio 10.0\vc\include\string.h(197) : see declaration of 'strtok'
         board.cpp
         Generating Code...
       Link:
         c:\Program Files (x86)\Microsoft Visual Studio 10.0\VC\bin\link.exe /ERRORREPORT:PROMPT /OUT:"C:\Users\rschneid\Projects\Pilgrim\Debug\Pilgrim.exe" /NOLOGO kernel32.lib user32.lib gdi32.lib winspool.lib comdlg32.lib advapi32.lib shell32.lib ole32.lib oleaut32.lib uuid.lib odbc32.lib odbccp32.lib /MANIFEST /ManifestFile:"Debug\Pilgrim.exe.intermediate.manifest" /MANIFESTUAC:"level='asInvoker' uiAccess='false'" /DEBUG /PDB:"C:\Users\rschneid\Projects\Pilgrim\Debug\Pilgrim.pdb" /TLBID:1 /DYNAMICBASE /NXCOMPAT /IMPLIB:"C:\Users\rschneid\Projects\Pilgrim\Debug\Pilgrim.lib" /MACHINE:X86 Debug\board.obj
         Debug\main.obj
         Debug\think.obj
         Pilgrim.vcxproj -> C:\Users\rschneid\Projects\Pilgrim\Debug\Pilgrim.exe
       Manifest:
         C:\Program Files (x86)\Microsoft SDKs\Windows\v7.0A\bin\mt.exe /nologo /verbose /outputresource:"C:\Users\rschneid\Projects\Pilgrim\Debug\Pilgrim.exe;#1" /manifest Debug\Pilgrim.exe.intermediate.manifest
       FinalizeBuildStatus:
         Deleting file "Debug\Pilgrim.unsuccessfulbuild".
         Touching "Debug\Pilgrim.lastbuildstate".
     1>Done Building Project "C:\Users\rschneid\Projects\Pilgrim\Pilgrim\Pilgrim.vcxproj" (build target(s)).

Build succeeded.

Time Elapsed 00:00:03.69
